

Version:	3.50
CmdLine:	C:\Users\Jefferson\Documents\NetBeansProjects\Grafil ATM Project\ATM\src\atm\App\ATM.exe --l4j-debug
JNI:		No
WOW64:		Yes
Working dir:	C:\Users\Jefferson\Documents\NetBeansProjects\Grafil ATM Project\ATM\src\atm\App\.
Requires JDK:	No
Requires 64-Bit: No
Java min ver:	1.004.000
Java max ver:	
Substitute:	JAVA_HOME = 
Substitute:	PATH = C:\Program Files\Common Files\Oracle\Java\javapath;C:\Program Files (x86)\VMware\VMware Player\bin\;C:\Windows\system32;C:\Windows;C:\Windows\System32\Wbem;C:\Windows\System32\WindowsPowerShell\v1.0\;C:\Windows\System32\OpenSSH\;C:\Program Files\nodejs\;C:\xampp\php;C:\ProgramData\ComposerSetup\bin;C:\Windows\system32\config\systemprofile\.dnx\bin;C:\Program Files\Microsoft DNX\Dnvm\;C:\HashiCorp\Vagrant\bin;C:\Program Files (x86)\IncrediBuild;C:\Program Files\Git\cmd;C:\Program Files\dotnet\;C:\Program Files (x86)\Microsoft SQL Server\160\Tools\Binn\;C:\Program Files\Microsoft SQL Server\160\Tools\Binn\;C:\Program Files\Microsoft SQL Server\Client SDK\ODBC\170\Tools\Binn\;C:\Program Files\Microsoft SQL Server\160\DTS\Binn\;C:\Program Files\Azure Data Studio\bin;C:\Program Files (x86)\Microsoft SQL Server\Client SDK\ODBC\130\Tools\Binn\;C:\Program Files (x86)\Microsoft SQL Server\140\Tools\Binn\;C:\Program Files (x86)\Microsoft SQL Server\140\DTS\Binn\;C:\Program Files (x86)\Microsoft SQL Server\140\Tools\Binn\ManagementStudio\;C:\Program Files (x86)\Microsoft SQL Server\160\DTS\Binn\;C:\Users\Jefferson\AppData\Local\Programs\Python\Python311\Scripts\;C:\Users\Jefferson\AppData\Local\Programs\Python\Python311\;C:\Users\Jefferson\AppData\Local\Microsoft\WindowsApps;C:\Users\Jefferson\AppData\Roaming\npm;C:\Users\Jefferson\AppData\Local\Programs\Microsoft VS Code\bin;C:\Program Files\JetBrains\PhpStorm 2022.2.3\bin;;C:\xampp\php;C:\Users\Jefferson\AppData\Roaming\Composer\vendor\bin;C:\Users\Jefferson\.dotnet\tools;C:\Program Files\Azure Data Studio\bin;C:\Program Files\JetBrains\PyCharm Community Edition 2023.1.3\bin;;C:\Program Files\Java\jdk-17\bin
JRE paths:	;C:\Program Files\Common Files\Oracle\Java\javapath;C:\Program Files (x86)\VMware\VMware Player\bin\;C:\Windows\system32;C:\Windows;C:\Windows\System32\Wbem;C:\Windows\System32\WindowsPowerShell\v1.0\;C:\Windows\System32\OpenSSH\;C:\Program Files\nodejs\;C:\xampp\php;C:\ProgramData\ComposerSetup\bin;C:\Windows\system32\config\systemprofile\.dnx\bin;C:\Program Files\Microsoft DNX\Dnvm\;C:\HashiCorp\Vagrant\bin;C:\Program Files (x86)\IncrediBuild;C:\Program Files\Git\cmd;C:\Program Files\dotnet\;C:\Program Files (x86)\Microsoft SQL Server\160\Tools\Binn\;C:\Program Files\Microsoft SQL Server\160\Tools\Binn\;C:\Program Files\Microsoft SQL Server\Client SDK\ODBC\170\Tools\Binn\;C:\Program Files\Microsoft SQL Server\160\DTS\Binn\;C:\Program Files\Azure Data Studio\bin;C:\Program Files (x86)\Microsoft SQL Server\Client SDK\ODBC\130\Tools\Binn\;C:\Program Files (x86)\Microsoft SQL Server\140\Tools\Binn\;C:\Program Files (x86)\Microsoft SQL Server\140\DTS\Binn\;C:\Program Files (x86)\Microsoft SQL Server\140\Tools\Binn\ManagementStudio\;C:\Program Files (x86)\Microsoft SQL Server\160\DTS\Binn\;C:\Users\Jefferson\AppData\Local\Programs\Python\Python311\Scripts\;C:\Users\Jefferson\AppData\Local\Programs\Python\Python311\;C:\Users\Jefferson\AppData\Local\Microsoft\WindowsApps;C:\Users\Jefferson\AppData\Roaming\npm;C:\Users\Jefferson\AppData\Local\Programs\Microsoft VS Code\bin;C:\Program Files\JetBrains\PhpStorm 2022.2.3\bin;;C:\xampp\php;C:\Users\Jefferson\AppData\Roaming\Composer\vendor\bin;C:\Users\Jefferson\.dotnet\tools;C:\Program Files\Azure Data Studio\bin;C:\Program Files\JetBrains\PyCharm Community Edition 2023.1.3\bin;;C:\Program Files\Java\jdk-17\bin
Check launcher:	C:\Program Files\Common Files\Oracle\Java\javapath\bin\javaw.exe (not found)
Check launcher:	C:\Program Files (x86)\VMware\VMware Player\bin\bin\javaw.exe (not found)
Check launcher:	C:\Windows\system32\bin\javaw.exe (not found)
Check launcher:	C:\Windows\bin\javaw.exe (not found)
Check launcher:	C:\Windows\System32\Wbem\bin\javaw.exe (not found)
Check launcher:	C:\Windows\System32\WindowsPowerShell\v1.0\bin\javaw.exe (not found)
Check launcher:	C:\Windows\System32\OpenSSH\bin\javaw.exe (not found)
Check launcher:	C:\Program Files\nodejs\bin\javaw.exe (not found)
Check launcher:	C:\xampp\php\bin\javaw.exe (not found)
Check launcher:	C:\ProgramData\ComposerSetup\bin\javaw.exe (not found)
Check launcher:	C:\Windows\system32\config\systemprofile\.dnx\bin\javaw.exe (not found)
Check launcher:	C:\Program Files\Microsoft DNX\Dnvm\bin\javaw.exe (not found)
Check launcher:	C:\HashiCorp\Vagrant\bin\javaw.exe (not found)
Check launcher:	C:\Program Files (x86)\IncrediBuild\bin\javaw.exe (not found)
Check launcher:	C:\Program Files\Git\cmd\bin\javaw.exe (not found)
Check launcher:	C:\Program Files\dotnet\bin\javaw.exe (not found)
Check launcher:	C:\Program Files (x86)\Microsoft SQL Server\160\Tools\Binn\bin\javaw.exe (not found)
Check launcher:	C:\Program Files\Microsoft SQL Server\160\Tools\Binn\bin\javaw.exe (not found)
Check launcher:	C:\Program Files\Microsoft SQL Server\Client SDK\ODBC\170\Tools\Binn\bin\javaw.exe (not found)
Check launcher:	C:\Program Files\Microsoft SQL Server\160\DTS\Binn\bin\javaw.exe (not found)
Check launcher:	C:\Program Files\Azure Data Studio\bin\javaw.exe (not found)
Check launcher:	C:\Program Files (x86)\Microsoft SQL Server\Client SDK\ODBC\130\Tools\Binn\bin\javaw.exe (not found)
Check launcher:	C:\Program Files (x86)\Microsoft SQL Server\140\Tools\Binn\bin\javaw.exe (not found)
Check launcher:	C:\Program Files (x86)\Microsoft SQL Server\140\DTS\Binn\bin\javaw.exe (not found)
Check launcher:	C:\Program Files (x86)\Microsoft SQL Server\140\Tools\Binn\ManagementStudio\bin\javaw.exe (not found)
Check launcher:	C:\Program Files (x86)\Microsoft SQL Server\160\DTS\Binn\bin\javaw.exe (not found)
Check launcher:	C:\Users\Jefferson\AppData\Local\Programs\Python\Python311\Scripts\bin\javaw.exe (not found)
Check launcher:	C:\Users\Jefferson\AppData\Local\Programs\Python\Python311\bin\javaw.exe (not found)
Check launcher:	C:\Users\Jefferson\AppData\Local\Microsoft\WindowsApps\bin\javaw.exe (not found)
Check launcher:	C:\Users\Jefferson\AppData\Roaming\npm\bin\javaw.exe (not found)
Check launcher:	C:\Users\Jefferson\AppData\Local\Programs\Microsoft VS Code\bin\javaw.exe (not found)
Check launcher:	C:\Program Files\JetBrains\PhpStorm 2022.2.3\bin\javaw.exe (not found)
Check launcher:	C:\xampp\php\bin\javaw.exe (not found)
Check launcher:	C:\Users\Jefferson\AppData\Roaming\Composer\vendor\bin\javaw.exe (not found)
Check launcher:	C:\Users\Jefferson\.dotnet\tools\bin\javaw.exe (not found)
Check launcher:	C:\Program Files\Azure Data Studio\bin\javaw.exe (not found)
Check launcher:	C:\Program Files\JetBrains\PyCharm Community Edition 2023.1.3\bin\javaw.exe (not found)
Check launcher:	C:\Program Files\Java\jdk-17\bin\javaw.exe (OK)
Version string: 1.017.000_008 / 64-Bit (OK)
Main class:	atm.ATM
Add classpath:	lib\mysql-connector.jar
Add classpath:	lib\mysql-connector-j-8.1.0.jar
Add classpath:	lib\mysql-connector-j-8.1.0.jar
Add classpath:	C:\Users\Jefferson\Documents\NetBeansProjects\ATM\ATM\dist\ATM.jar
Add classpath:	C:\Users\Jefferson\Documents\NetBeansProjects\ATM\ATM\dist\lib\*
Launcher:	C:\Program Files\Java\jdk-17\bin\javaw.exe
Launcher args:	-classpath "C:\Users\Jefferson\Documents\NetBeansProjects\Grafil ATM Project\ATM\src\atm\App\ATM.exe;lib\mysql-connector.jar;lib\mysql-connector-j-8.1.0.jar;lib\mysql-connector-j-8.1.0.jar;C:\Users\Jefferson\Documents\NetBeansProjects\ATM\ATM\dist\ATM.jar" atm.ATM
Args length:	264/32768 chars
Exit code:	0


Version:	3.50
CmdLine:	C:\Users\Jefferson\Documents\NetBeansProjects\Grafil ATM Project\ATM\src\atm\App\ATM.exe --l4j-debug
JNI:		No
WOW64:		Yes
Working dir:	C:\Users\Jefferson\Documents\NetBeansProjects\Grafil ATM Project\ATM\src\atm\App\.
Requires JDK:	No
Requires 64-Bit: No
Java min ver:	1.004.000
Java max ver:	
Substitute:	JAVA_HOME = 
Substitute:	PATH = C:\Program Files\Common Files\Oracle\Java\javapath;C:\Program Files (x86)\VMware\VMware Player\bin\;C:\Windows\system32;C:\Windows;C:\Windows\System32\Wbem;C:\Windows\System32\WindowsPowerShell\v1.0\;C:\Windows\System32\OpenSSH\;C:\Program Files\nodejs\;C:\xampp\php;C:\ProgramData\ComposerSetup\bin;C:\Windows\system32\config\systemprofile\.dnx\bin;C:\Program Files\Microsoft DNX\Dnvm\;C:\HashiCorp\Vagrant\bin;C:\Program Files (x86)\IncrediBuild;C:\Program Files\Git\cmd;C:\Program Files\dotnet\;C:\Program Files (x86)\Microsoft SQL Server\160\Tools\Binn\;C:\Program Files\Microsoft SQL Server\160\Tools\Binn\;C:\Program Files\Microsoft SQL Server\Client SDK\ODBC\170\Tools\Binn\;C:\Program Files\Microsoft SQL Server\160\DTS\Binn\;C:\Program Files\Azure Data Studio\bin;C:\Program Files (x86)\Microsoft SQL Server\Client SDK\ODBC\130\Tools\Binn\;C:\Program Files (x86)\Microsoft SQL Server\140\Tools\Binn\;C:\Program Files (x86)\Microsoft SQL Server\140\DTS\Binn\;C:\Program Files (x86)\Microsoft SQL Server\140\Tools\Binn\ManagementStudio\;C:\Program Files (x86)\Microsoft SQL Server\160\DTS\Binn\;C:\Users\Jefferson\AppData\Local\Programs\Python\Python311\Scripts\;C:\Users\Jefferson\AppData\Local\Programs\Python\Python311\;C:\Users\Jefferson\AppData\Local\Microsoft\WindowsApps;C:\Users\Jefferson\AppData\Roaming\npm;C:\Users\Jefferson\AppData\Local\Programs\Microsoft VS Code\bin;C:\Program Files\JetBrains\PhpStorm 2022.2.3\bin;;C:\xampp\php;C:\Users\Jefferson\AppData\Roaming\Composer\vendor\bin;C:\Users\Jefferson\.dotnet\tools;C:\Program Files\Azure Data Studio\bin;C:\Program Files\JetBrains\PyCharm Community Edition 2023.1.3\bin;;C:\Program Files\Java\jdk-17\bin
JRE paths:	;C:\Program Files\Common Files\Oracle\Java\javapath;C:\Program Files (x86)\VMware\VMware Player\bin\;C:\Windows\system32;C:\Windows;C:\Windows\System32\Wbem;C:\Windows\System32\WindowsPowerShell\v1.0\;C:\Windows\System32\OpenSSH\;C:\Program Files\nodejs\;C:\xampp\php;C:\ProgramData\ComposerSetup\bin;C:\Windows\system32\config\systemprofile\.dnx\bin;C:\Program Files\Microsoft DNX\Dnvm\;C:\HashiCorp\Vagrant\bin;C:\Program Files (x86)\IncrediBuild;C:\Program Files\Git\cmd;C:\Program Files\dotnet\;C:\Program Files (x86)\Microsoft SQL Server\160\Tools\Binn\;C:\Program Files\Microsoft SQL Server\160\Tools\Binn\;C:\Program Files\Microsoft SQL Server\Client SDK\ODBC\170\Tools\Binn\;C:\Program Files\Microsoft SQL Server\160\DTS\Binn\;C:\Program Files\Azure Data Studio\bin;C:\Program Files (x86)\Microsoft SQL Server\Client SDK\ODBC\130\Tools\Binn\;C:\Program Files (x86)\Microsoft SQL Server\140\Tools\Binn\;C:\Program Files (x86)\Microsoft SQL Server\140\DTS\Binn\;C:\Program Files (x86)\Microsoft SQL Server\140\Tools\Binn\ManagementStudio\;C:\Program Files (x86)\Microsoft SQL Server\160\DTS\Binn\;C:\Users\Jefferson\AppData\Local\Programs\Python\Python311\Scripts\;C:\Users\Jefferson\AppData\Local\Programs\Python\Python311\;C:\Users\Jefferson\AppData\Local\Microsoft\WindowsApps;C:\Users\Jefferson\AppData\Roaming\npm;C:\Users\Jefferson\AppData\Local\Programs\Microsoft VS Code\bin;C:\Program Files\JetBrains\PhpStorm 2022.2.3\bin;;C:\xampp\php;C:\Users\Jefferson\AppData\Roaming\Composer\vendor\bin;C:\Users\Jefferson\.dotnet\tools;C:\Program Files\Azure Data Studio\bin;C:\Program Files\JetBrains\PyCharm Community Edition 2023.1.3\bin;;C:\Program Files\Java\jdk-17\bin
Check launcher:	C:\Program Files\Common Files\Oracle\Java\javapath\bin\javaw.exe (not found)
Check launcher:	C:\Program Files (x86)\VMware\VMware Player\bin\bin\javaw.exe (not found)
Check launcher:	C:\Windows\system32\bin\javaw.exe (not found)
Check launcher:	C:\Windows\bin\javaw.exe (not found)
Check launcher:	C:\Windows\System32\Wbem\bin\javaw.exe (not found)
Check launcher:	C:\Windows\System32\WindowsPowerShell\v1.0\bin\javaw.exe (not found)
Check launcher:	C:\Windows\System32\OpenSSH\bin\javaw.exe (not found)
Check launcher:	C:\Program Files\nodejs\bin\javaw.exe (not found)
Check launcher:	C:\xampp\php\bin\javaw.exe (not found)
Check launcher:	C:\ProgramData\ComposerSetup\bin\javaw.exe (not found)
Check launcher:	C:\Windows\system32\config\systemprofile\.dnx\bin\javaw.exe (not found)
Check launcher:	C:\Program Files\Microsoft DNX\Dnvm\bin\javaw.exe (not found)
Check launcher:	C:\HashiCorp\Vagrant\bin\javaw.exe (not found)
Check launcher:	C:\Program Files (x86)\IncrediBuild\bin\javaw.exe (not found)
Check launcher:	C:\Program Files\Git\cmd\bin\javaw.exe (not found)
Check launcher:	C:\Program Files\dotnet\bin\javaw.exe (not found)
Check launcher:	C:\Program Files (x86)\Microsoft SQL Server\160\Tools\Binn\bin\javaw.exe (not found)
Check launcher:	C:\Program Files\Microsoft SQL Server\160\Tools\Binn\bin\javaw.exe (not found)
Check launcher:	C:\Program Files\Microsoft SQL Server\Client SDK\ODBC\170\Tools\Binn\bin\javaw.exe (not found)
Check launcher:	C:\Program Files\Microsoft SQL Server\160\DTS\Binn\bin\javaw.exe (not found)
Check launcher:	C:\Program Files\Azure Data Studio\bin\javaw.exe (not found)
Check launcher:	C:\Program Files (x86)\Microsoft SQL Server\Client SDK\ODBC\130\Tools\Binn\bin\javaw.exe (not found)
Check launcher:	C:\Program Files (x86)\Microsoft SQL Server\140\Tools\Binn\bin\javaw.exe (not found)
Check launcher:	C:\Program Files (x86)\Microsoft SQL Server\140\DTS\Binn\bin\javaw.exe (not found)
Check launcher:	C:\Program Files (x86)\Microsoft SQL Server\140\Tools\Binn\ManagementStudio\bin\javaw.exe (not found)
Check launcher:	C:\Program Files (x86)\Microsoft SQL Server\160\DTS\Binn\bin\javaw.exe (not found)
Check launcher:	C:\Users\Jefferson\AppData\Local\Programs\Python\Python311\Scripts\bin\javaw.exe (not found)
Check launcher:	C:\Users\Jefferson\AppData\Local\Programs\Python\Python311\bin\javaw.exe (not found)
Check launcher:	C:\Users\Jefferson\AppData\Local\Microsoft\WindowsApps\bin\javaw.exe (not found)
Check launcher:	C:\Users\Jefferson\AppData\Roaming\npm\bin\javaw.exe (not found)
Check launcher:	C:\Users\Jefferson\AppData\Local\Programs\Microsoft VS Code\bin\javaw.exe (not found)
Check launcher:	C:\Program Files\JetBrains\PhpStorm 2022.2.3\bin\javaw.exe (not found)
Check launcher:	C:\xampp\php\bin\javaw.exe (not found)
Check launcher:	C:\Users\Jefferson\AppData\Roaming\Composer\vendor\bin\javaw.exe (not found)
Check launcher:	C:\Users\Jefferson\.dotnet\tools\bin\javaw.exe (not found)
Check launcher:	C:\Program Files\Azure Data Studio\bin\javaw.exe (not found)
Check launcher:	C:\Program Files\JetBrains\PyCharm Community Edition 2023.1.3\bin\javaw.exe (not found)
Check launcher:	C:\Program Files\Java\jdk-17\bin\javaw.exe (OK)
Version string: 1.017.000_008 / 64-Bit (OK)
Main class:	atm.ATM
Add classpath:	lib\mysql-connector.jar
Add classpath:	lib\mysql-connector-j-8.1.0.jar
Add classpath:	C:\Users\Jefferson\Documents\NetBeansProjects\Grafil ATM Project\ATM\dist\lib\*
      "      :	C:\Users\Jefferson\Documents\NetBeansProjects\Grafil ATM Project\ATM\dist\lib\.
      "      :	C:\Users\Jefferson\Documents\NetBeansProjects\Grafil ATM Project\ATM\dist\lib\..
      "      :	C:\Users\Jefferson\Documents\NetBeansProjects\Grafil ATM Project\ATM\dist\lib\mysql-connector(1).jar
      "      :	C:\Users\Jefferson\Documents\NetBeansProjects\Grafil ATM Project\ATM\dist\lib\mysql-connector-j-8.1.0(1).jar
      "      :	C:\Users\Jefferson\Documents\NetBeansProjects\Grafil ATM Project\ATM\dist\lib\mysql-connector-j-8.1.0.jar
      "      :	C:\Users\Jefferson\Documents\NetBeansProjects\Grafil ATM Project\ATM\dist\lib\mysql-connector.jar
Add classpath:	C:\Users\Jefferson\Documents\NetBeansProjects\Grafil ATM Project\ATM\dist\ATM.jar
Launcher:	C:\Program Files\Java\jdk-17\bin\javaw.exe
Launcher args:	-classpath "C:\Users\Jefferson\Documents\NetBeansProjects\Grafil ATM Project\ATM\src\atm\App\ATM.exe;lib\mysql-connector.jar;lib\mysql-connector-j-8.1.0.jar;C:\Users\Jefferson\Documents\NetBeansProjects\Grafil ATM Project\ATM\dist\lib\.;C:\Users\Jefferson\Documents\NetBeansProjects\Grafil ATM Project\ATM\dist\lib\..;C:\Users\Jefferson\Documents\NetBeansProjects\Grafil ATM Project\ATM\dist\lib\mysql-connector(1).jar;C:\Users\Jefferson\Documents\NetBeansProjects\Grafil ATM Project\ATM\dist\lib\mysql-connector-j-8.1.0(1).jar;C:\Users\Jefferson\Documents\NetBeansProjects\Grafil ATM Project\ATM\dist\lib\mysql-connector-j-8.1.0.jar;C:\Users\Jefferson\Documents\NetBeansProjects\Grafil ATM Project\ATM\dist\lib\mysql-connector.jar;C:\Users\Jefferson\Documents\NetBeansProjects\Grafil ATM Project\ATM\dist\ATM.jar" atm.ATM
Args length:	822/32768 chars
Exit code:	0
